<?xml version="1.0" encoding="UTF-8"?>
<!-- Generated by org.testng.reporters.JUnitXMLReporter -->
<testsuite hostname="Suuresh-PC" ignored="3" name="Login" tests="2" failures="0" timestamp="10 Aug 2018 02:28:12 GMT" time="16.897" errors="0">
  <testcase name="gmailLogin" time="3.113" classname="com.XYZ.HMS.Registrations.TestCase"/>
  <testcase name="googleSearch" time="3.918" classname="com.XYZ.HMS.Registrations.TestCase"/>
  <testcase name="hmsLogin" time="0.0" classname="com.XYZ.HMS.Registrations.TestCase">
    <ignored/>
  </testcase> <!-- hmsLogin -->
  <testcase name="fbLogin" time="0.0" classname="com.XYZ.HMS.Registrations.TestCase">
    <ignored/>
  </testcase> <!-- fbLogin -->
  <testcase name="ohgmLogin" time="0.0" classname="com.XYZ.HMS.Registrations.TestCase">
    <ignored/>
  </testcase> <!-- ohgmLogin -->
</testsuite> <!-- Login -->
